--------------------------------------------------------------------------------
Release 14.7 Trace  (nt64)
Copyright (c) 1995-2013 Xilinx, Inc.  All rights reserved.

C:\Xilinx\14.7\ISE_DS\ISE\bin\nt64\unwrapped\trce.exe -intstyle ise -v 3 -s 5
-n 3 -fastpaths -xml TOP.twx TOP.ncd -o TOP.twr TOP.pcf -ucf TOP.ucf

Design file:              TOP.ncd
Physical constraint file: TOP.pcf
Device,package,speed:     xc3s500e,fg320,-5 (PRODUCTION 1.27 2013-10-13)
Report level:             verbose report

Environment Variable      Effect 
--------------------      ------ 
NONE                      No environment variables were set
--------------------------------------------------------------------------------

INFO:Timing:2698 - No timing constraints found, doing default enumeration.
INFO:Timing:3412 - To improve timing, see the Timing Closure User Guide (UG612).
INFO:Timing:2752 - To get complete path coverage, use the unconstrained paths 
   option. All paths that are not constrained will be reported in the 
   unconstrained paths section(s) of the report.
INFO:Timing:3339 - The clock-to-out numbers in this timing report are based on 
   a 50 Ohm transmission line loading model.  For the details of this model, 
   and for more information on accounting for different loading conditions, 
   please see the device datasheet.
INFO:Timing:3390 - This architecture does not support a default System Jitter 
   value, please add SYSTEM_JITTER constraint to the UCF to modify the Clock 
   Uncertainty calculation.
INFO:Timing:3389 - This architecture does not support 'Discrete Jitter' and 
   'Phase Error' calculations, these terms will be zero in the Clock 
   Uncertainty calculation.  Please make appropriate modification to 
   SYSTEM_JITTER to account for the unsupported Discrete Jitter and Phase 
   Error.



Data Sheet report:
-----------------
All values displayed in nanoseconds (ns)

Setup/Hold to clock clk
------------+------------+------------+------------------+--------+
            |Max Setup to|Max Hold to |                  | Clock  |
Source      | clk (edge) | clk (edge) |Internal Clock(s) | Phase  |
------------+------------+------------+------------------+--------+
reset       |    5.422(R)|   -0.222(R)|clk_BUFGP         |   0.000|
scl         |    5.503(R)|    0.832(R)|clk_BUFGP         |   0.000|
sda         |    5.602(R)|   -0.092(R)|clk_BUFGP         |   0.000|
------------+------------+------------+------------------+--------+

Clock clk to Pad
------------+------------+------------------+--------+
            | clk (edge) |                  | Clock  |
Destination |   to PAD   |Internal Clock(s) | Phase  |
------------+------------+------------------+--------+
control<1>  |    9.328(R)|clk_BUFGP         |   0.000|
control<2>  |    9.327(R)|clk_BUFGP         |   0.000|
dataout<0>  |    9.984(R)|clk_BUFGP         |   0.000|
dataout<1>  |    9.310(R)|clk_BUFGP         |   0.000|
dataout<2>  |    9.664(R)|clk_BUFGP         |   0.000|
dataout<3>  |    9.341(R)|clk_BUFGP         |   0.000|
led1<0>     |   10.945(R)|clk_BUFGP         |   0.000|
led1<1>     |   11.186(R)|clk_BUFGP         |   0.000|
led1<2>     |   11.717(R)|clk_BUFGP         |   0.000|
led1<3>     |   11.509(R)|clk_BUFGP         |   0.000|
led<0>      |   10.390(R)|clk_BUFGP         |   0.000|
led<1>      |   10.948(R)|clk_BUFGP         |   0.000|
led<2>      |   10.044(R)|clk_BUFGP         |   0.000|
led<3>      |   10.990(R)|clk_BUFGP         |   0.000|
scl         |    9.488(R)|clk_BUFGP         |   0.000|
sda         |    8.998(R)|clk_BUFGP         |   0.000|
------------+------------+------------------+--------+

Clock to Setup on destination clock clk
---------------+---------+---------+---------+---------+
               | Src:Rise| Src:Fall| Src:Rise| Src:Fall|
Source Clock   |Dest:Rise|Dest:Rise|Dest:Fall|Dest:Fall|
---------------+---------+---------+---------+---------+
clk            |    7.286|         |         |         |
---------------+---------+---------+---------+---------+


Analysis completed Thu Nov 12 13:16:18 2015 
--------------------------------------------------------------------------------

Trace Settings:
-------------------------
Trace Settings 

Peak Memory Usage: 174 MB



